<?xml version="1.0" encoding="UTF-8" ?>
<testsuites disabled="0" errors="0" failures="0" tests="1" time="1.416">
 <testsuite name="workspace-project App" timestamp="2019-03-03T02:29:10" hostname="localhost" time="1.416" errors="0" tests="1" skipped="0" disabled="0" failures="0">
  <testcase classname="workspace-project App" name="should display welcome message" time="1.414" />
 </testsuite>
</testsuites>